This file contains any messages produced by compilers while
running configure, to aid debugging if configure makes a mistake.

It was created by RT configure 3.6.4, which was
generated by GNU Autoconf 2.59.  Invocation command line was

  $ ./configure --enable-layout=Freeside --with-db-type=Pg --with-db-dba=freeside --with-db-database=freeside --with-db-rt-user=freeside --with-db-rt-pass= --with-web-user=freeside --with-web-group=freeside --with-rt-group=freeside

## --------- ##
## Platform. ##
## --------- ##

hostname = rootwood
uname -m = x86_64
uname -r = 2.6.21-1-amd64
uname -s = Linux
uname -v = #1 SMP Sat May 26 17:22:54 CEST 2007

/usr/bin/uname -p = unknown
/bin/uname -X     = unknown

/bin/arch              = unknown
/usr/bin/arch -k       = unknown
/usr/convex/getsysinfo = unknown
hostinfo               = unknown
/bin/machine           = unknown
/usr/bin/oslevel       = unknown
/bin/universe          = unknown

PATH: /usr/local/sbin
PATH: /usr/local/bin
PATH: /usr/sbin
PATH: /usr/bin
PATH: /sbin
PATH: /bin


## ----------- ##
## Core tests. ##
## ----------- ##

configure:1331: checking for a BSD-compatible install
configure:1386: result: /usr/bin/install -c
configure:1401: checking for gawk
configure:1417: found /usr/bin/gawk
configure:1427: result: gawk
configure:1440: checking for perl
configure:1458: found /usr/bin/perl
configure:1471: result: /usr/bin/perl
configure:1795: checking for chosen layout
configure:1810: result: Freeside
configure:2272: creating ./config.status

## ---------------------- ##
## Running config.status. ##
## ---------------------- ##

This file was extended by RT config.status 3.6.4, which was
generated by GNU Autoconf 2.59.  Invocation command line was

  CONFIG_FILES    = 
  CONFIG_HEADERS  = 
  CONFIG_LINKS    = 
  CONFIG_COMMANDS = 
  $ ./config.status 

on rootwood

config.status:760: creating sbin/rt-dump-database
config.status:760: creating sbin/rt-setup-database
config.status:760: creating sbin/rt-test-dependencies
config.status:760: creating bin/mason_handler.fcgi
config.status:760: creating bin/mason_handler.scgi
config.status:760: creating bin/standalone_httpd
config.status:760: creating bin/rt-crontool
config.status:760: creating bin/rt-mailgate
config.status:760: creating bin/rt
config.status:760: creating Makefile
config.status:760: creating etc/RT_Config.pm
config.status:760: creating lib/RT.pm
config.status:760: creating bin/mason_handler.svc
config.status:760: creating bin/webmux.pl

## ---------------- ##
## Cache variables. ##
## ---------------- ##

ac_cv_env_PERL_set=
ac_cv_env_PERL_value=
ac_cv_env_build_alias_set=
ac_cv_env_build_alias_value=
ac_cv_env_host_alias_set=
ac_cv_env_host_alias_value=
ac_cv_env_target_alias_set=
ac_cv_env_target_alias_value=
ac_cv_path_PERL=/usr/bin/perl
ac_cv_path_install='/usr/bin/install -c'
ac_cv_prog_AWK=gawk

## ----------------- ##
## Output variables. ##
## ----------------- ##

APACHECTL='/usr/sbin/apachectl'
AWK='gawk'
BIN_OWNER='root'
CONFIG_FILE_PATH='/opt/rt3/etc'
DATABASE_ENV_PREF=''
DB_DATABASE='freeside'
DB_DBA='freeside'
DB_HOST='localhost'
DB_PORT=''
DB_RT_HOST='localhost'
DB_RT_PASS=''
DB_RT_USER='freeside'
DB_TYPE='Pg'
DEFS='-DPACKAGE_NAME=\"RT\" -DPACKAGE_TARNAME=\"rt\" -DPACKAGE_VERSION=\"3.6.4\" -DPACKAGE_STRING=\"RT\ 3.6.4\" -DPACKAGE_BUGREPORT=\"rt-bugs@bestpractical.com\" '
DESTDIR='/opt/rt3'
ECHO_C=''
ECHO_N='-n'
ECHO_T=''
INSTALL_DATA='${INSTALL} -m 644'
INSTALL_PROGRAM='${INSTALL}'
INSTALL_SCRIPT='${INSTALL}'
LIBOBJS=''
LIBS=''
LIBS_GROUP='bin'
LIBS_OWNER='root'
LOCAL_ETC_PATH='/opt/rt3/local/etc'
LOCAL_LEXICON_PATH='/opt/rt3/local/po'
LOCAL_LIB_PATH='/opt/rt3/local/lib'
LTLIBOBJS=''
MASON_DATA_PATH='/usr/local/etc/freeside/masondata'
MASON_HTML_PATH='/var/www/freeside/rt'
MASON_LOCAL_HTML_PATH='/opt/rt3/local/html'
MASON_SESSION_PATH='/opt/rt3/var/session_data'
PACKAGE_BUGREPORT='rt-bugs@bestpractical.com'
PACKAGE_NAME='RT'
PACKAGE_STRING='RT 3.6.4'
PACKAGE_TARNAME='rt'
PACKAGE_VERSION='3.6.4'
PATH_SEPARATOR=':'
PERL='/usr/bin/perl'
RTGROUP='freeside'
RT_BIN_PATH='/opt/rt3/bin'
RT_DEVEL_MODE='0'
RT_DOC_PATH='/opt/rt3/share/doc'
RT_ETC_PATH='/opt/rt3/etc'
RT_LIB_PATH='/opt/rt3/lib'
RT_LOCAL_PATH='/opt/rt3/local'
RT_LOG_PATH='/opt/rt3/var/log'
RT_MAN_PATH='/opt/rt3/man'
RT_PATH='/opt/rt3'
RT_SBIN_PATH='/opt/rt3/sbin'
RT_STANDALONE='0'
RT_VAR_PATH='/opt/rt3/var'
RT_VERSION_MAJOR='3'
RT_VERSION_MINOR='6'
RT_VERSION_PATCH='4'
SHELL='/bin/sh'
SPEEDY_BIN='/usr/local/bin/speedy'
WEB_GROUP='freeside'
WEB_USER='freeside'
bindir='/opt/rt3/bin'
build_alias=''
customdir='/opt/rt3/local'
custometcdir='/opt/rt3/local/etc'
customhtmldir='/opt/rt3/local/html'
customlexdir='/opt/rt3/local/po'
customlibdir='/opt/rt3/local/lib'
datadir='/opt/rt3/share'
exec_prefix='/opt/rt3'
exp_bindir='/opt/rt3/bin'
exp_customdir='/opt/rt3/local'
exp_custometcdir='/opt/rt3/local/etc'
exp_customhtmldir='/opt/rt3/local/html'
exp_customlexdir='/opt/rt3/local/po'
exp_customlibdir='/opt/rt3/local/lib'
exp_datadir='/opt/rt3/share'
exp_exec_prefix='/opt/rt3'
exp_htmldir='/var/www/freeside/rt'
exp_libdir='/opt/rt3/lib'
exp_localstatedir='/opt/rt3/var'
exp_logfiledir='/opt/rt3/var/log'
exp_mandir='/opt/rt3/man'
exp_manualdir='/opt/rt3/share/doc'
exp_masonstatedir='/usr/local/etc/freeside/masondata'
exp_prefix='/opt/rt3'
exp_sbindir='/opt/rt3/sbin'
exp_sessionstatedir='/opt/rt3/var/session_data'
exp_sysconfdir='/opt/rt3/etc'
host_alias=''
htmldir='/var/www/freeside/rt'
includedir='${prefix}/include'
infodir='${prefix}/info'
libdir='/opt/rt3/lib'
libexecdir='${exec_prefix}/libexec'
localstatedir='/opt/rt3/var'
logfiledir='/opt/rt3/var/log'
mandir='/opt/rt3/man'
manualdir='/opt/rt3/share/doc'
masonstatedir='/usr/local/etc/freeside/masondata'
oldincludedir='/usr/include'
prefix='/opt/rt3'
program_transform_name='s,x,x,'
rt_layout_name='Freeside'
rt_version_major='3'
rt_version_minor='6'
rt_version_patch='4'
sbindir='/opt/rt3/sbin'
sessionstatedir='/opt/rt3/var/session_data'
sharedstatedir='${prefix}/com'
sysconfdir='/opt/rt3/etc'
target_alias=''

## ----------- ##
## confdefs.h. ##
## ----------- ##

#define PACKAGE_BUGREPORT "rt-bugs@bestpractical.com"
#define PACKAGE_NAME "RT"
#define PACKAGE_STRING "RT 3.6.4"
#define PACKAGE_TARNAME "rt"
#define PACKAGE_VERSION "3.6.4"

configure: exit 0
